<?xml version="1.0" encoding="UTF-8"?>
<!-- Generated by org.testng.reporters.JUnitXMLReporter -->
<testsuite hostname="DESKTOP-HSD14IN" ignored="1" name="Login Test" tests="2" failures="0" timestamp="06 Mar 2020 21:43:10 GMT" time="25.474" errors="0">
  <testcase name="signUpLinkTest" time="4.5" classname="com.tests.LoginTest"/>
  <testcase name="pageTitleTest" time="0.006" classname="com.tests.LoginTest"/>
  <testcase name="loginTest" time="0.0" classname="com.tests.LoginTest">
    <ignored/>
  </testcase> <!-- loginTest -->
</testsuite> <!-- Login Test -->
