<?xml version="1.0" encoding="UTF-8"?>
<!-- Generated by org.testng.reporters.JUnitXMLReporter -->
<testsuite hostname="DESKTOP-HSD14IN" ignored="1" name="Sign Up  Test" tests="1" failures="0" timestamp="06 Mar 2020 21:43:03 GMT" time="17.931" errors="0">
  <testcase name="verifyTermAndServicesTest" time="0.149" classname="com.tests.SignUpTest"/>
  <testcase name="verifyCreateFreeAccountTest" time="0.0" classname="com.tests.SignUpTest">
    <ignored/>
  </testcase> <!-- verifyCreateFreeAccountTest -->
</testsuite> <!-- Sign Up  Test -->
