<?xml version="1.0" encoding="UTF-8"?>
<!-- Generated by org.testng.reporters.JUnitXMLReporter -->
<testsuite hostname="DESKTOP-HSD14IN" ignored="0" name="Default test(failed)(failed)" tests="1" failures="1" timestamp="04 Mar 2020 16:38:31 GMT" time="0.081" errors="0">
  <testcase name="loginTest" time="0.023" classname="TestNGSessions.ExpectedExceptionConcept">
    <failure type="org.testng.TestException" message="
Expected exception of type class java.lang.NullPointerException but got java.lang.ArithmeticException: / by zero">
      <![CDATA[org.testng.TestException: 
Expected exception of type class java.lang.NullPointerException but got java.lang.ArithmeticException: / by zero
Caused by: java.lang.ArithmeticException: / by zero
at TestNGSessions.ExpectedExceptionConcept.loginTest(ExpectedExceptionConcept.java:11)
... 19 more
... Removed 28 stack frames]]>
    </failure>
  </testcase> <!-- loginTest -->
</testsuite> <!-- Default test(failed)(failed) -->
