<?xml version="1.0" encoding="UTF-8"?>
<!-- Generated by org.testng.reporters.JUnitXMLReporter -->
<testsuite hostname="DESKTOP-HSD14IN" ignored="0" name="CRM Sales Regression Test" tests="7" failures="0" timestamp="02 Mar 2020 22:53:31 GMT" time="12.486" errors="0">
  <testcase name="test3" time="0.011" classname="TestNGSessions.PriorityConcepts"/>
  <testcase name="test3" time="0.002" classname="TestNGSessions.DependsOnMethodsConcepts"/>
  <testcase name="test3" time="0.003" classname="TestNGSessions.InvocationCountCOncepts"/>
  <testcase name="test3" time="0.002" classname="TestNGSessions.InvocationCountCOncepts"/>
  <testcase name="test3" time="0.002" classname="TestNGSessions.InvocationCountCOncepts"/>
  <testcase name="test2" time="0.001" classname="TestNGSessions.PriorityConcepts"/>
  <testcase name="test2" time="0.002" classname="TestNGSessions.DependsOnMethodsConcepts"/>
</testsuite> <!-- CRM Sales Regression Test -->
