<?xml version="1.0" encoding="UTF-8"?>
<!-- Generated by org.testng.reporters.JUnitXMLReporter -->
<testsuite hostname="DESKTOP-HSD14IN" ignored="2" name="My Testing Practice Sanity Test" tests="5" failures="0" timestamp="07 Mar 2020 23:24:25 GMT" time="0.078" errors="0">
  <testcase name="loginTest" time="0.012" classname="TestNGSessions.ExpectedExceptionConcept"/>
  <testcase name="test4" time="0.003" classname="TestNGSessions.PriorityTest"/>
  <testcase name="test5" time="0.003" classname="TestNGSessions.PriorityTest"/>
  <testcase name="test2" time="0.003" classname="TestNGSessions.PriorityTest"/>
  <testcase name="test6" time="0.002" classname="TestNGSessions.PriorityTest"/>
  <testcase name="test1" time="0.0" classname="TestNGSessions.PriorityTest">
    <ignored/>
  </testcase> <!-- test1 -->
  <testcase name="test3" time="0.0" classname="TestNGSessions.PriorityTest">
    <ignored/>
  </testcase> <!-- test3 -->
</testsuite> <!-- My Testing Practice Sanity Test -->
