<?xml version="1.0" encoding="UTF-8"?>
<testng-results skipped="0" failed="0" ignored="0" total="5" passed="5">
  <reporter-output>
  </reporter-output>
  <suite name="Default suite" duration-ms="63" started-at="2020-03-25T05:55:22Z" finished-at="2020-03-25T05:55:22Z">
    <groups>
    </groups>
    <test name="Default test" duration-ms="63" started-at="2020-03-25T05:55:22Z" finished-at="2020-03-25T05:55:22Z">
      <class name="TestNGSessions.RandomOrderTest">
        <test-method status="PASS" signature="Test2()[pri:0, instance:TestNGSessions.RandomOrderTest@4b9e13df]" name="Test2" duration-ms="11" started-at="2020-03-25T05:55:22Z" finished-at="2020-03-25T05:55:22Z">
          <reporter-output>
          </reporter-output>
        </test-method> <!-- Test2 -->
        <test-method status="PASS" signature="Test5()[pri:0, instance:TestNGSessions.RandomOrderTest@4b9e13df]" name="Test5" duration-ms="2" started-at="2020-03-25T05:55:22Z" finished-at="2020-03-25T05:55:22Z">
          <reporter-output>
          </reporter-output>
        </test-method> <!-- Test5 -->
        <test-method status="PASS" signature="Test3()[pri:0, instance:TestNGSessions.RandomOrderTest@4b9e13df]" name="Test3" duration-ms="2" started-at="2020-03-25T05:55:22Z" finished-at="2020-03-25T05:55:22Z">
          <reporter-output>
          </reporter-output>
        </test-method> <!-- Test3 -->
        <test-method status="PASS" signature="Test4()[pri:1, instance:TestNGSessions.RandomOrderTest@4b9e13df]" name="Test4" duration-ms="1" started-at="2020-03-25T05:55:22Z" finished-at="2020-03-25T05:55:22Z">
          <reporter-output>
          </reporter-output>
        </test-method> <!-- Test4 -->
        <test-method status="PASS" signature="Test1()[pri:1, instance:TestNGSessions.RandomOrderTest@4b9e13df]" name="Test1" duration-ms="2" started-at="2020-03-25T05:55:22Z" finished-at="2020-03-25T05:55:22Z">
          <reporter-output>
          </reporter-output>
        </test-method> <!-- Test1 -->
      </class> <!-- TestNGSessions.RandomOrderTest -->
    </test> <!-- Default test -->
  </suite> <!-- Default suite -->
</testng-results>
