<?xml version="1.0" encoding="UTF-8"?>
<testng-results skipped="0" failed="0" ignored="2" total="7" passed="5">
  <reporter-output>
  </reporter-output>
  <suite name="CRM Test  Sanity Suite" duration-ms="78" started-at="2020-03-07T23:24:25Z" finished-at="2020-03-07T23:24:25Z">
    <groups>
    </groups>
    <test name="My Testing Practice Sanity Test" duration-ms="78" started-at="2020-03-07T23:24:25Z" finished-at="2020-03-07T23:24:25Z">
      <class name="TestNGSessions.ExpectedExceptionConcept">
        <test-method status="PASS" signature="loginTest()[pri:0, instance:TestNGSessions.ExpectedExceptionConcept@4b9e13df]" name="loginTest" duration-ms="12" started-at="2020-03-07T23:24:25Z" finished-at="2020-03-07T23:24:25Z">
          <exception class="java.lang.ArithmeticException">
            <message>
              <![CDATA[/ by zero]]>
            </message>
            <full-stacktrace>
              <![CDATA[java.lang.ArithmeticException: / by zero
at TestNGSessions.ExpectedExceptionConcept.loginTest(ExpectedExceptionConcept.java:21)
at sun.reflect.NativeMethodAccessorImpl.invoke0(Native Method)
at sun.reflect.NativeMethodAccessorImpl.invoke(NativeMethodAccessorImpl.java:62)
at sun.reflect.DelegatingMethodAccessorImpl.invoke(DelegatingMethodAccessorImpl.java:43)
at java.lang.reflect.Method.invoke(Method.java:498)
at org.testng.internal.MethodInvocationHelper.invokeMethod(MethodInvocationHelper.java:124)
at org.testng.internal.Invoker.invokeMethod(Invoker.java:583)
at org.testng.internal.Invoker.invokeTestMethod(Invoker.java:719)
at org.testng.internal.Invoker.invokeTestMethods(Invoker.java:989)
at org.testng.internal.TestMethodWorker.invokeTestMethods(TestMethodWorker.java:125)
at org.testng.internal.TestMethodWorker.run(TestMethodWorker.java:109)
at org.testng.TestRunner.privateRun(TestRunner.java:648)
at org.testng.TestRunner.run(TestRunner.java:505)
at org.testng.SuiteRunner.runTest(SuiteRunner.java:455)
at org.testng.SuiteRunner.runSequentially(SuiteRunner.java:450)
at org.testng.SuiteRunner.privateRun(SuiteRunner.java:415)
at org.testng.SuiteRunner.run(SuiteRunner.java:364)
at org.testng.SuiteRunnerWorker.runSuite(SuiteRunnerWorker.java:52)
at org.testng.SuiteRunnerWorker.run(SuiteRunnerWorker.java:84)
at org.testng.TestNG.runSuitesSequentially(TestNG.java:1208)
at org.testng.TestNG.runSuitesLocally(TestNG.java:1137)
at org.testng.TestNG.runSuites(TestNG.java:1049)
at org.testng.TestNG.run(TestNG.java:1017)
at org.testng.remote.AbstractRemoteTestNG.run(AbstractRemoteTestNG.java:115)
at org.testng.remote.RemoteTestNG.initAndRun(RemoteTestNG.java:251)
at org.testng.remote.RemoteTestNG.main(RemoteTestNG.java:77)
]]>
            </full-stacktrace>
          </exception> <!-- java.lang.ArithmeticException -->
          <reporter-output>
          </reporter-output>
        </test-method> <!-- loginTest -->
      </class> <!-- TestNGSessions.ExpectedExceptionConcept -->
      <class name="TestNGSessions.PriorityTest">
        <test-method status="PASS" signature="test4()[pri:0, instance:TestNGSessions.PriorityTest@2b98378d]" name="test4" duration-ms="3" started-at="2020-03-07T23:24:25Z" finished-at="2020-03-07T23:24:25Z">
          <reporter-output>
          </reporter-output>
        </test-method> <!-- test4 -->
        <test-method status="PASS" signature="test5()[pri:0, instance:TestNGSessions.PriorityTest@2b98378d]" name="test5" duration-ms="3" started-at="2020-03-07T23:24:25Z" finished-at="2020-03-07T23:24:25Z">
          <reporter-output>
          </reporter-output>
        </test-method> <!-- test5 -->
        <test-method status="PASS" signature="test2()[pri:1, instance:TestNGSessions.PriorityTest@2b98378d]" name="test2" duration-ms="3" started-at="2020-03-07T23:24:25Z" finished-at="2020-03-07T23:24:25Z">
          <reporter-output>
          </reporter-output>
        </test-method> <!-- test2 -->
        <test-method status="PASS" signature="test6()[pri:1, instance:TestNGSessions.PriorityTest@2b98378d]" name="test6" duration-ms="2" started-at="2020-03-07T23:24:25Z" finished-at="2020-03-07T23:24:25Z">
          <reporter-output>
          </reporter-output>
        </test-method> <!-- test6 -->
      </class> <!-- TestNGSessions.PriorityTest -->
    </test> <!-- My Testing Practice Sanity Test -->
  </suite> <!-- CRM Test  Sanity Suite -->
</testng-results>
