<?xml version="1.0" encoding="UTF-8"?>
<!-- Generated by org.testng.reporters.JUnitReportReporter -->
<testsuite skipped="0" hostname="DESKTOP-HSD14IN" name="TestNGSessions.InvocationCountCOncepts" tests="3" failures="0" timestamp="04 Mar 2020 17:50:26 GMT" time="0.021" errors="0">
  <testcase name="test3" time="0.007" classname="TestNGSessions.InvocationCountCOncepts"/>
  <testcase name="test3" time="0.011" classname="TestNGSessions.InvocationCountCOncepts"/>
  <testcase name="test3" time="0.003" classname="TestNGSessions.InvocationCountCOncepts"/>
</testsuite> <!-- TestNGSessions.InvocationCountCOncepts -->
