<?xml version="1.0" encoding="UTF-8"?>
<!-- Generated by org.testng.reporters.JUnitReportReporter -->
<testsuite skipped="1" hostname="DESKTOP-HSD14IN" name="TestNGSessions.LoginTestWithAllAnnotations" tests="3" failures="0" timestamp="04 Mar 2020 04:47:35 GMT" time="24.806" errors="0">
  <testcase name="signUpLinkTest" time="13.270" classname="TestNGSessions.LoginTestWithAllAnnotations"/>
  <testcase name="pageTitleTest" time="11.536" classname="TestNGSessions.LoginTestWithAllAnnotations"/>
  <testcase name="loginTest" classname="TestNGSessions.LoginTestWithAllAnnotations">
    <skipped/>
  </testcase> <!-- loginTest -->
</testsuite> <!-- TestNGSessions.LoginTestWithAllAnnotations -->
