<?xml version="1.0" encoding="UTF-8"?>
<!-- Generated by org.testng.reporters.JUnitReportReporter -->
<testsuite skipped="2" hostname="DESKTOP-HSD14IN" name="TestNGSessions.PriorityTest" tests="6" failures="0" timestamp="07 Mar 2020 23:24:25 GMT" time="0.011" errors="0">
  <testcase name="test4" time="0.003" classname="TestNGSessions.PriorityTest"/>
  <testcase name="test5" time="0.003" classname="TestNGSessions.PriorityTest"/>
  <testcase name="test2" time="0.003" classname="TestNGSessions.PriorityTest"/>
  <testcase name="test6" time="0.002" classname="TestNGSessions.PriorityTest"/>
  <testcase name="test1" classname="TestNGSessions.PriorityTest">
    <skipped/>
  </testcase> <!-- test1 -->
  <testcase name="test3" classname="TestNGSessions.PriorityTest">
    <skipped/>
  </testcase> <!-- test3 -->
</testsuite> <!-- TestNGSessions.PriorityTest -->
