<?xml version="1.0" encoding="UTF-8"?>
<!-- Generated by org.testng.reporters.JUnitReportReporter -->
<testsuite skipped="0" hostname="DESKTOP-HSD14IN" name="TestNGSessions.DependsOnMethodsConcepts" tests="4" failures="0" timestamp="04 Mar 2020 17:36:45 GMT" time="0.030" errors="0">
  <testcase name="loginTest" time="0.019" classname="TestNGSessions.DependsOnMethodsConcepts"/>
  <testcase name="homePageTest" time="0.003" classname="TestNGSessions.DependsOnMethodsConcepts"/>
  <testcase name="homePageTest" time="0.002" classname="TestNGSessions.DependsOnMethodsConcepts"/>
  <testcase name="searchTest" time="0.006" classname="TestNGSessions.DependsOnMethodsConcepts"/>
</testsuite> <!-- TestNGSessions.DependsOnMethodsConcepts -->
