<?xml version="1.0" encoding="UTF-8"?>
<!-- Generated by org.testng.reporters.JUnitReportReporter -->
<testsuite skipped="0" hostname="DESKTOP-HSD14IN" name="TestNGSessions.RandomOrderTest" tests="5" failures="0" timestamp="25 Mar 2020 05:55:22 GMT" time="0.018" errors="0">
  <testcase name="Test5" time="0.002" classname="TestNGSessions.RandomOrderTest"/>
  <testcase name="Test3" time="0.002" classname="TestNGSessions.RandomOrderTest"/>
  <testcase name="Test2" time="0.011" classname="TestNGSessions.RandomOrderTest"/>
  <testcase name="Test4" time="0.001" classname="TestNGSessions.RandomOrderTest"/>
  <testcase name="Test1" time="0.002" classname="TestNGSessions.RandomOrderTest"/>
</testsuite> <!-- TestNGSessions.RandomOrderTest -->
