<?xml version="1.0" encoding="UTF-8"?>
<!-- Generated by org.testng.reporters.JUnitReportReporter -->
<testsuite skipped="1" hostname="DESKTOP-HSD14IN" name="TestNGSessions.LoginTestWithAllAnnotations" tests="3" failures="0" timestamp="05 Mar 2020 06:18:05 GMT" time="25.034" errors="0">
  <testcase name="signUpLinkTest" time="14.048" classname="TestNGSessions.LoginTestWithAllAnnotations"/>
  <testcase name="pageTitleTest" time="10.986" classname="TestNGSessions.LoginTestWithAllAnnotations"/>
  <testcase name="loginTest" classname="TestNGSessions.LoginTestWithAllAnnotations">
    <skipped/>
  </testcase> <!-- loginTest -->
</testsuite> <!-- TestNGSessions.LoginTestWithAllAnnotations -->
